<?xml version="1.0" encoding="UTF-8"?>
<coverage generated="1656572936384" clover="3.2.0">
  <project timestamp="1656572936384" name="All files">
    <metrics statements="14" coveredstatements="14" conditionals="2" coveredconditionals="1" methods="7" coveredmethods="7" elements="23" coveredelements="22" complexity="0" loc="14" ncloc="14" packages="2" files="3" classes="3"/>
    <package name="components.Button">
      <metrics statements="13" coveredstatements="13" conditionals="2" coveredconditionals="1" methods="7" coveredmethods="7"/>
      <file name="index.tsx" path="F:\wamp64\www\Sites\Joel\minascafe-panel\src\components\Button\index.tsx">
        <metrics statements="4" coveredstatements="4" conditionals="2" coveredconditionals="1" methods="1" coveredmethods="1"/>
        <line num="2" count="1" type="stmt"/>
        <line num="8" count="1" type="stmt"/>
        <line num="9" count="1" type="stmt"/>
        <line num="16" count="1" type="stmt"/>
      </file>
      <file name="styles.ts" path="F:\wamp64\www\Sites\Joel\minascafe-panel\src\components\Button\styles.ts">
        <metrics statements="9" coveredstatements="9" conditionals="0" coveredconditionals="0" methods="6" coveredmethods="6"/>
        <line num="1" count="1" type="stmt"/>
        <line num="2" count="1" type="stmt"/>
        <line num="4" count="1" type="stmt"/>
        <line num="5" count="1" type="stmt"/>
        <line num="9" count="1" type="stmt"/>
        <line num="18" count="1" type="stmt"/>
        <line num="23" count="1" type="stmt"/>
        <line num="27" count="1" type="stmt"/>
        <line num="33" count="1" type="stmt"/>
      </file>
    </package>
    <package name="styles">
      <metrics statements="1" coveredstatements="1" conditionals="0" coveredconditionals="0" methods="0" coveredmethods="0"/>
      <file name="theme.ts" path="F:\wamp64\www\Sites\Joel\minascafe-panel\src\styles\theme.ts">
        <metrics statements="1" coveredstatements="1" conditionals="0" coveredconditionals="0" methods="0" coveredmethods="0"/>
        <line num="3" count="1" type="stmt"/>
      </file>
    </package>
  </project>
</coverage>
