{"F:\\wamp64\\www\\Sites\\Joel\\minascafe-panel\\src\\components\\Button\\index.tsx": {"path":"F:\\wamp64\\www\\Sites\\Joel\\minascafe-panel\\src\\components\\Button\\index.tsx","statementMap":{"0":{"start":{"line":2,"column":0},"end":{"line":2,"column":37}},"1":{"start":{"line":8,"column":32},"end":{"line":14,"column":1}},"2":{"start":{"line":9,"column":2},"end":{"line":13,"column":4}},"3":{"start":{"line":16,"column":0},"end":{"line":16,"column":22}}},"fnMap":{"0":{"name":"(anonymous_0)","decl":{"start":{"line":8,"column":32},"end":{"line":8,"column":33}},"loc":{"start":{"line":8,"column":67},"end":{"line":14,"column":1}}}},"branchMap":{"0":{"loc":{"start":{"line":11,"column":7},"end":{"line":11,"column":43}},"type":"cond-expr","locations":[{"start":{"line":11,"column":17},"end":{"line":11,"column":32}},{"start":{"line":11,"column":35},"end":{"line":11,"column":43}}]}},"s":{"0":1,"1":1,"2":1,"3":1},"f":{"0":1},"b":{"0":[0,1]}}
,"F:\\wamp64\\www\\Sites\\Joel\\minascafe-panel\\src\\components\\Button\\styles.ts": {"path":"F:\\wamp64\\www\\Sites\\Joel\\minascafe-panel\\src\\components\\Button\\styles.ts","statementMap":{"0":{"start":{"line":1,"column":0},"end":{"line":1,"column":39}},"1":{"start":{"line":2,"column":0},"end":{"line":2,"column":42}},"2":{"start":{"line":4,"column":13},"end":{"line":35,"column":2}},"3":{"start":{"line":5,"column":37},"end":{"line":5,"column":63}},"4":{"start":{"line":9,"column":26},"end":{"line":9,"column":50}},"5":{"start":{"line":18,"column":39},"end":{"line":18,"column":77}},"6":{"start":{"line":23,"column":6},"end":{"line":23,"column":56}},"7":{"start":{"line":27,"column":40},"end":{"line":27,"column":66}},"8":{"start":{"line":33,"column":39},"end":{"line":33,"column":77}}},"fnMap":{"0":{"name":"(anonymous_0)","decl":{"start":{"line":5,"column":22},"end":{"line":5,"column":23}},"loc":{"start":{"line":5,"column":37},"end":{"line":5,"column":63}}},"1":{"name":"(anonymous_1)","decl":{"start":{"line":9,"column":11},"end":{"line":9,"column":12}},"loc":{"start":{"line":9,"column":26},"end":{"line":9,"column":50}}},"2":{"name":"(anonymous_2)","decl":{"start":{"line":18,"column":24},"end":{"line":18,"column":25}},"loc":{"start":{"line":18,"column":39},"end":{"line":18,"column":77}}},"3":{"name":"(anonymous_3)","decl":{"start":{"line":22,"column":24},"end":{"line":22,"column":25}},"loc":{"start":{"line":23,"column":6},"end":{"line":23,"column":56}}},"4":{"name":"(anonymous_4)","decl":{"start":{"line":27,"column":25},"end":{"line":27,"column":26}},"loc":{"start":{"line":27,"column":40},"end":{"line":27,"column":66}}},"5":{"name":"(anonymous_5)","decl":{"start":{"line":33,"column":24},"end":{"line":33,"column":25}},"loc":{"start":{"line":33,"column":39},"end":{"line":33,"column":77}}}},"branchMap":{},"s":{"0":1,"1":1,"2":1,"3":1,"4":1,"5":1,"6":1,"7":1,"8":1},"f":{"0":1,"1":1,"2":1,"3":1,"4":1,"5":1},"b":{}}
,"F:\\wamp64\\www\\Sites\\Joel\\minascafe-panel\\src\\styles\\theme.ts": {"path":"F:\\wamp64\\www\\Sites\\Joel\\minascafe-panel\\src\\styles\\theme.ts","statementMap":{"0":{"start":{"line":3,"column":13},"end":{"line":25,"column":2}}},"fnMap":{},"branchMap":{},"s":{"0":1},"f":{},"b":{}}
}
